{"C:\\Users\\haide\\Desktop\\prjets\\1_task_manager\\backend\\config\\db.js": {"path":"C:\\Users\\haide\\Desktop\\prjets\\1_task_manager\\backend\\config\\db.js","statementMap":{"0":{"start":{"line":2,"column":17},"end":{"line":2,"column":30}},"1":{"start":{"line":3,"column":0},"end":{"line":3,"column":27}},"2":{"start":{"line":5,"column":13},"end":{"line":11,"column":2}},"3":{"start":{"line":14,"column":0},"end":{"line":22,"column":1}},"4":{"start":{"line":15,"column":2},"end":{"line":21,"column":5}},"5":{"start":{"line":16,"column":4},"end":{"line":18,"column":5}},"6":{"start":{"line":17,"column":6},"end":{"line":17,"column":64}},"7":{"start":{"line":19,"column":4},"end":{"line":19,"column":34}},"8":{"start":{"line":20,"column":4},"end":{"line":20,"column":14}},"9":{"start":{"line":24,"column":0},"end":{"line":24,"column":22}}},"fnMap":{"0":{"name":"(anonymous_0)","decl":{"start":{"line":15,"column":15},"end":{"line":15,"column":16}},"loc":{"start":{"line":15,"column":41},"end":{"line":21,"column":3}},"line":15}},"branchMap":{"0":{"loc":{"start":{"line":14,"column":0},"end":{"line":22,"column":1}},"type":"if","locations":[{"start":{"line":14,"column":0},"end":{"line":22,"column":1}},{"start":{},"end":{}}],"line":14},"1":{"loc":{"start":{"line":16,"column":4},"end":{"line":18,"column":5}},"type":"if","locations":[{"start":{"line":16,"column":4},"end":{"line":18,"column":5}},{"start":{},"end":{}}],"line":16}},"s":{"0":2,"1":2,"2":2,"3":2,"4":0,"5":0,"6":0,"7":0,"8":0,"9":2},"f":{"0":0},"b":{"0":[0,2],"1":[0,0]},"_coverageSchema":"1a1c01bbd47fc00a2c39e90264f33305004495a9","hash":"50392b6467d6bc2ae33cbd638bcfcd59eddd44be"}
,"C:\\Users\\haide\\Desktop\\prjets\\1_task_manager\\backend\\config\\logger.js": {"path":"C:\\Users\\haide\\Desktop\\prjets\\1_task_manager\\backend\\config\\logger.js","statementMap":{},"fnMap":{},"branchMap":{},"s":{},"f":{},"b":{}}
,"C:\\Users\\haide\\Desktop\\prjets\\1_task_manager\\backend\\controllers\\auth.js": {"path":"C:\\Users\\haide\\Desktop\\prjets\\1_task_manager\\backend\\controllers\\auth.js","statementMap":{"0":{"start":{"line":2,"column":15},"end":{"line":2,"column":32}},"1":{"start":{"line":3,"column":13},"end":{"line":3,"column":36}},"2":{"start":{"line":6,"column":20},"end":{"line":6,"column":76}},"3":{"start":{"line":8,"column":0},"end":{"line":33,"column":2}},"4":{"start":{"line":9,"column":30},"end":{"line":9,"column":38}},"5":{"start":{"line":12,"column":2},"end":{"line":14,"column":3}},"6":{"start":{"line":13,"column":4},"end":{"line":13,"column":78}},"7":{"start":{"line":16,"column":2},"end":{"line":32,"column":3}},"8":{"start":{"line":18,"column":27},"end":{"line":18,"column":58}},"9":{"start":{"line":21,"column":21},"end":{"line":24,"column":5}},"10":{"start":{"line":26,"column":4},"end":{"line":26,"column":34}},"11":{"start":{"line":28,"column":4},"end":{"line":30,"column":5}},"12":{"start":{"line":29,"column":6},"end":{"line":29,"column":69}},"13":{"start":{"line":31,"column":4},"end":{"line":31,"column":14}},"14":{"start":{"line":36,"column":12},"end":{"line":36,"column":35}},"15":{"start":{"line":38,"column":0},"end":{"line":83,"column":2}},"16":{"start":{"line":39,"column":30},"end":{"line":39,"column":38}},"17":{"start":{"line":41,"column":2},"end":{"line":43,"column":3}},"18":{"start":{"line":42,"column":4},"end":{"line":42,"column":78}},"19":{"start":{"line":45,"column":2},"end":{"line":74,"column":3}},"20":{"start":{"line":47,"column":21},"end":{"line":50,"column":5}},"21":{"start":{"line":52,"column":4},"end":{"line":54,"column":5}},"22":{"start":{"line":53,"column":6},"end":{"line":53,"column":68}},"23":{"start":{"line":57,"column":20},"end":{"line":57,"column":73}},"24":{"start":{"line":58,"column":4},"end":{"line":60,"column":5}},"25":{"start":{"line":59,"column":6},"end":{"line":59,"column":68}},"26":{"start":{"line":63,"column":18},"end":{"line":67,"column":5}},"27":{"start":{"line":70,"column":4},"end":{"line":70,"column":24}},"28":{"start":{"line":73,"column":4},"end":{"line":73,"column":14}}},"fnMap":{"0":{"name":"(anonymous_0)","decl":{"start":{"line":8,"column":19},"end":{"line":8,"column":20}},"loc":{"start":{"line":8,"column":39},"end":{"line":33,"column":1}},"line":8},"1":{"name":"(anonymous_1)","decl":{"start":{"line":38,"column":16},"end":{"line":38,"column":17}},"loc":{"start":{"line":38,"column":36},"end":{"line":83,"column":1}},"line":38}},"branchMap":{"0":{"loc":{"start":{"line":6,"column":20},"end":{"line":6,"column":76}},"type":"cond-expr","locations":[{"start":{"line":6,"column":54},"end":{"line":6,"column":66}},{"start":{"line":6,"column":69},"end":{"line":6,"column":76}}],"line":6},"1":{"loc":{"start":{"line":12,"column":2},"end":{"line":14,"column":3}},"type":"if","locations":[{"start":{"line":12,"column":2},"end":{"line":14,"column":3}},{"start":{},"end":{}}],"line":12},"2":{"loc":{"start":{"line":12,"column":6},"end":{"line":12,"column":25}},"type":"binary-expr","locations":[{"start":{"line":12,"column":6},"end":{"line":12,"column":12}},{"start":{"line":12,"column":16},"end":{"line":12,"column":25}}],"line":12},"3":{"loc":{"start":{"line":28,"column":4},"end":{"line":30,"column":5}},"type":"if","locations":[{"start":{"line":28,"column":4},"end":{"line":30,"column":5}},{"start":{},"end":{}}],"line":28},"4":{"loc":{"start":{"line":41,"column":2},"end":{"line":43,"column":3}},"type":"if","locations":[{"start":{"line":41,"column":2},"end":{"line":43,"column":3}},{"start":{},"end":{}}],"line":41},"5":{"loc":{"start":{"line":41,"column":6},"end":{"line":41,"column":25}},"type":"binary-expr","locations":[{"start":{"line":41,"column":6},"end":{"line":41,"column":12}},{"start":{"line":41,"column":16},"end":{"line":41,"column":25}}],"line":41},"6":{"loc":{"start":{"line":52,"column":4},"end":{"line":54,"column":5}},"type":"if","locations":[{"start":{"line":52,"column":4},"end":{"line":54,"column":5}},{"start":{},"end":{}}],"line":52},"7":{"loc":{"start":{"line":58,"column":4},"end":{"line":60,"column":5}},"type":"if","locations":[{"start":{"line":58,"column":4},"end":{"line":60,"column":5}},{"start":{},"end":{}}],"line":58},"8":{"loc":{"start":{"line":65,"column":6},"end":{"line":65,"column":48}},"type":"binary-expr","locations":[{"start":{"line":65,"column":6},"end":{"line":65,"column":28}},{"start":{"line":65,"column":32},"end":{"line":65,"column":48}}],"line":65}},"s":{"0":2,"1":2,"2":2,"3":2,"4":19,"5":19,"6":0,"7":19,"8":19,"9":19,"10":18,"11":1,"12":1,"13":0,"14":2,"15":2,"16":17,"17":17,"18":0,"19":17,"20":17,"21":17,"22":1,"23":16,"24":16,"25":0,"26":16,"27":16,"28":0},"f":{"0":19,"1":17},"b":{"0":[2,0],"1":[0,19],"2":[19,19],"3":[1,0],"4":[0,17],"5":[17,17],"6":[1,16],"7":[0,16],"8":[16,0]},"_coverageSchema":"1a1c01bbd47fc00a2c39e90264f33305004495a9","hash":"06b444cf5a68daf12de5973485223f8dd5b75010"}
,"C:\\Users\\haide\\Desktop\\prjets\\1_task_manager\\backend\\controllers\\tasks.js": {"path":"C:\\Users\\haide\\Desktop\\prjets\\1_task_manager\\backend\\controllers\\tasks.js","statementMap":{"0":{"start":{"line":2,"column":13},"end":{"line":2,"column":36}},"1":{"start":{"line":5,"column":20},"end":{"line":5,"column":76}},"2":{"start":{"line":6,"column":20},"end":{"line":6,"column":76}},"3":{"start":{"line":9,"column":0},"end":{"line":17,"column":2}},"4":{"start":{"line":10,"column":2},"end":{"line":16,"column":5}},"5":{"start":{"line":11,"column":21},"end":{"line":11,"column":102}},"6":{"start":{"line":12,"column":4},"end":{"line":12,"column":19}},"7":{"start":{"line":14,"column":6},"end":{"line":14,"column":51}},"8":{"start":{"line":15,"column":6},"end":{"line":15,"column":63}},"9":{"start":{"line":20,"column":0},"end":{"line":41,"column":1}},"10":{"start":{"line":22,"column":15},"end":{"line":22,"column":25}},"11":{"start":{"line":24,"column":2},"end":{"line":26,"column":3}},"12":{"start":{"line":25,"column":4},"end":{"line":25,"column":58}},"13":{"start":{"line":28,"column":2},"end":{"line":40,"column":3}},"14":{"start":{"line":29,"column":19},"end":{"line":29,"column":116}},"15":{"start":{"line":31,"column":4},"end":{"line":33,"column":5}},"16":{"start":{"line":32,"column":6},"end":{"line":32,"column":64}},"17":{"start":{"line":35,"column":4},"end":{"line":35,"column":21}},"18":{"start":{"line":38,"column":4},"end":{"line":38,"column":55}},"19":{"start":{"line":39,"column":4},"end":{"line":39,"column":66}},"20":{"start":{"line":43,"column":0},"end":{"line":60,"column":2}},"21":{"start":{"line":44,"column":29},"end":{"line":44,"column":37}},"22":{"start":{"line":46,"column":2},"end":{"line":48,"column":3}},"23":{"start":{"line":47,"column":4},"end":{"line":47,"column":64}},"24":{"start":{"line":50,"column":2},"end":{"line":59,"column":3}},"25":{"start":{"line":51,"column":21},"end":{"line":54,"column":5}},"26":{"start":{"line":55,"column":4},"end":{"line":55,"column":34}},"27":{"start":{"line":57,"column":4},"end":{"line":57,"column":50}},"28":{"start":{"line":58,"column":4},"end":{"line":58,"column":61}},"29":{"start":{"line":82,"column":0},"end":{"line":129,"column":2}},"30":{"start":{"line":83,"column":17},"end":{"line":83,"column":27}},"31":{"start":{"line":84,"column":28},"end":{"line":84,"column":36}},"32":{"start":{"line":87,"column":2},"end":{"line":89,"column":3}},"33":{"start":{"line":88,"column":4},"end":{"line":88,"column":58}},"34":{"start":{"line":92,"column":18},"end":{"line":92,"column":20}},"35":{"start":{"line":93,"column":17},"end":{"line":93,"column":19}},"36":{"start":{"line":94,"column":14},"end":{"line":94,"column":15}},"37":{"start":{"line":96,"column":2},"end":{"line":99,"column":3}},"38":{"start":{"line":97,"column":4},"end":{"line":97,"column":40}},"39":{"start":{"line":98,"column":4},"end":{"line":98,"column":30}},"40":{"start":{"line":100,"column":2},"end":{"line":103,"column":3}},"41":{"start":{"line":101,"column":4},"end":{"line":101,"column":41}},"42":{"start":{"line":102,"column":4},"end":{"line":102,"column":24}},"43":{"start":{"line":106,"column":2},"end":{"line":108,"column":3}},"44":{"start":{"line":107,"column":4},"end":{"line":107,"column":66}},"45":{"start":{"line":111,"column":2},"end":{"line":111,"column":27}},"46":{"start":{"line":112,"column":2},"end":{"line":112,"column":28}},"47":{"start":{"line":114,"column":2},"end":{"line":128,"column":3}},"48":{"start":{"line":115,"column":21},"end":{"line":118,"column":5}},"49":{"start":{"line":121,"column":4},"end":{"line":123,"column":5}},"50":{"start":{"line":122,"column":6},"end":{"line":122,"column":83}},"51":{"start":{"line":125,"column":4},"end":{"line":125,"column":22}},"52":{"start":{"line":127,"column":4},"end":{"line":127,"column":14}},"53":{"start":{"line":160,"column":0},"end":{"line":185,"column":2}},"54":{"start":{"line":161,"column":17},"end":{"line":161,"column":27}},"55":{"start":{"line":164,"column":2},"end":{"line":166,"column":3}},"56":{"start":{"line":165,"column":4},"end":{"line":165,"column":58}},"57":{"start":{"line":168,"column":2},"end":{"line":182,"column":3}},"58":{"start":{"line":169,"column":25},"end":{"line":172,"column":5}},"59":{"start":{"line":175,"column":4},"end":{"line":177,"column":5}},"60":{"start":{"line":176,"column":6},"end":{"line":176,"column":83}},"61":{"start":{"line":179,"column":4},"end":{"line":179,"column":27}},"62":{"start":{"line":181,"column":4},"end":{"line":181,"column":14}}},"fnMap":{"0":{"name":"(anonymous_0)","decl":{"start":{"line":9,"column":19},"end":{"line":9,"column":20}},"loc":{"start":{"line":9,"column":39},"end":{"line":17,"column":1}},"line":9},"1":{"name":"(anonymous_1)","decl":{"start":{"line":20,"column":23},"end":{"line":20,"column":24}},"loc":{"start":{"line":20,"column":42},"end":{"line":41,"column":1}},"line":20},"2":{"name":"(anonymous_2)","decl":{"start":{"line":43,"column":21},"end":{"line":43,"column":22}},"loc":{"start":{"line":43,"column":41},"end":{"line":60,"column":1}},"line":43},"3":{"name":"(anonymous_3)","decl":{"start":{"line":82,"column":21},"end":{"line":82,"column":22}},"loc":{"start":{"line":82,"column":41},"end":{"line":129,"column":1}},"line":82},"4":{"name":"(anonymous_4)","decl":{"start":{"line":160,"column":21},"end":{"line":160,"column":22}},"loc":{"start":{"line":160,"column":41},"end":{"line":185,"column":1}},"line":160}},"branchMap":{"0":{"loc":{"start":{"line":5,"column":20},"end":{"line":5,"column":76}},"type":"cond-expr","locations":[{"start":{"line":5,"column":54},"end":{"line":5,"column":66}},{"start":{"line":5,"column":69},"end":{"line":5,"column":76}}],"line":5},"1":{"loc":{"start":{"line":6,"column":20},"end":{"line":6,"column":76}},"type":"cond-expr","locations":[{"start":{"line":6,"column":54},"end":{"line":6,"column":66}},{"start":{"line":6,"column":69},"end":{"line":6,"column":76}}],"line":6},"2":{"loc":{"start":{"line":24,"column":2},"end":{"line":26,"column":3}},"type":"if","locations":[{"start":{"line":24,"column":2},"end":{"line":26,"column":3}},{"start":{},"end":{}}],"line":24},"3":{"loc":{"start":{"line":31,"column":4},"end":{"line":33,"column":5}},"type":"if","locations":[{"start":{"line":31,"column":4},"end":{"line":33,"column":5}},{"start":{},"end":{}}],"line":31},"4":{"loc":{"start":{"line":46,"column":2},"end":{"line":48,"column":3}},"type":"if","locations":[{"start":{"line":46,"column":2},"end":{"line":48,"column":3}},{"start":{},"end":{}}],"line":46},"5":{"loc":{"start":{"line":87,"column":2},"end":{"line":89,"column":3}},"type":"if","locations":[{"start":{"line":87,"column":2},"end":{"line":89,"column":3}},{"start":{},"end":{}}],"line":87},"6":{"loc":{"start":{"line":96,"column":2},"end":{"line":99,"column":3}},"type":"if","locations":[{"start":{"line":96,"column":2},"end":{"line":99,"column":3}},{"start":{},"end":{}}],"line":96},"7":{"loc":{"start":{"line":100,"column":2},"end":{"line":103,"column":3}},"type":"if","locations":[{"start":{"line":100,"column":2},"end":{"line":103,"column":3}},{"start":{},"end":{}}],"line":100},"8":{"loc":{"start":{"line":106,"column":2},"end":{"line":108,"column":3}},"type":"if","locations":[{"start":{"line":106,"column":2},"end":{"line":108,"column":3}},{"start":{},"end":{}}],"line":106},"9":{"loc":{"start":{"line":121,"column":4},"end":{"line":123,"column":5}},"type":"if","locations":[{"start":{"line":121,"column":4},"end":{"line":123,"column":5}},{"start":{},"end":{}}],"line":121},"10":{"loc":{"start":{"line":164,"column":2},"end":{"line":166,"column":3}},"type":"if","locations":[{"start":{"line":164,"column":2},"end":{"line":166,"column":3}},{"start":{},"end":{}}],"line":164},"11":{"loc":{"start":{"line":175,"column":4},"end":{"line":177,"column":5}},"type":"if","locations":[{"start":{"line":175,"column":4},"end":{"line":177,"column":5}},{"start":{},"end":{}}],"line":175}},"s":{"0":2,"1":2,"2":2,"3":2,"4":1,"5":1,"6":1,"7":0,"8":0,"9":2,"10":4,"11":4,"12":1,"13":3,"14":3,"15":3,"16":2,"17":1,"18":0,"19":0,"20":2,"21":8,"22":8,"23":1,"24":7,"25":7,"26":7,"27":0,"28":0,"29":2,"30":5,"31":5,"32":5,"33":1,"34":4,"35":4,"36":4,"37":4,"38":2,"39":2,"40":4,"41":1,"42":1,"43":4,"44":1,"45":3,"46":3,"47":3,"48":3,"49":3,"50":1,"51":2,"52":0,"53":2,"54":3,"55":3,"56":1,"57":2,"58":2,"59":2,"60":1,"61":1,"62":0},"f":{"0":1,"1":4,"2":8,"3":5,"4":3},"b":{"0":[2,0],"1":[2,0],"2":[1,3],"3":[2,1],"4":[1,7],"5":[1,4],"6":[2,2],"7":[1,3],"8":[1,3],"9":[1,2],"10":[1,2],"11":[1,1]},"_coverageSchema":"1a1c01bbd47fc00a2c39e90264f33305004495a9","hash":"32598f0ebc22953d0414a8a54be72fbbaf20e00b"}
,"C:\\Users\\haide\\Desktop\\prjets\\1_task_manager\\backend\\middleware\\auth.js": {"path":"C:\\Users\\haide\\Desktop\\prjets\\1_task_manager\\backend\\middleware\\auth.js","statementMap":{"0":{"start":{"line":1,"column":12},"end":{"line":1,"column":35}},"1":{"start":{"line":3,"column":0},"end":{"line":20,"column":2}},"2":{"start":{"line":5,"column":21},"end":{"line":5,"column":46}},"3":{"start":{"line":6,"column":2},"end":{"line":8,"column":3}},"4":{"start":{"line":7,"column":4},"end":{"line":7,"column":80}},"5":{"start":{"line":10,"column":16},"end":{"line":10,"column":40}},"6":{"start":{"line":12,"column":2},"end":{"line":19,"column":3}},"7":{"start":{"line":14,"column":20},"end":{"line":14,"column":81}},"8":{"start":{"line":15,"column":4},"end":{"line":15,"column":38}},"9":{"start":{"line":16,"column":4},"end":{"line":16,"column":11}},"10":{"start":{"line":18,"column":4},"end":{"line":18,"column":64}}},"fnMap":{"0":{"name":"(anonymous_0)","decl":{"start":{"line":3,"column":18},"end":{"line":3,"column":19}},"loc":{"start":{"line":3,"column":38},"end":{"line":20,"column":1}},"line":3}},"branchMap":{"0":{"loc":{"start":{"line":6,"column":2},"end":{"line":8,"column":3}},"type":"if","locations":[{"start":{"line":6,"column":2},"end":{"line":8,"column":3}},{"start":{},"end":{}}],"line":6},"1":{"loc":{"start":{"line":6,"column":6},"end":{"line":6,"column":54}},"type":"binary-expr","locations":[{"start":{"line":6,"column":6},"end":{"line":6,"column":17}},{"start":{"line":6,"column":21},"end":{"line":6,"column":54}}],"line":6},"2":{"loc":{"start":{"line":14,"column":38},"end":{"line":14,"column":80}},"type":"binary-expr","locations":[{"start":{"line":14,"column":38},"end":{"line":14,"column":60}},{"start":{"line":14,"column":64},"end":{"line":14,"column":80}}],"line":14}},"s":{"0":2,"1":2,"2":22,"3":22,"4":1,"5":21,"6":21,"7":21,"8":21,"9":21,"10":0},"f":{"0":22},"b":{"0":[1,21],"1":[22,21],"2":[21,0]},"_coverageSchema":"1a1c01bbd47fc00a2c39e90264f33305004495a9","hash":"366dd350ffed454af3291033ac1265ea6f882074"}
,"C:\\Users\\haide\\Desktop\\prjets\\1_task_manager\\backend\\middleware\\error.js": {"path":"C:\\Users\\haide\\Desktop\\prjets\\1_task_manager\\backend\\middleware\\error.js","statementMap":{"0":{"start":{"line":2,"column":21},"end":{"line":20,"column":1}},"1":{"start":{"line":4,"column":2},"end":{"line":9,"column":5}},"2":{"start":{"line":12,"column":21},"end":{"line":12,"column":56}},"3":{"start":{"line":15,"column":2},"end":{"line":19,"column":5}},"4":{"start":{"line":22,"column":0},"end":{"line":22,"column":30}}},"fnMap":{"0":{"name":"(anonymous_0)","decl":{"start":{"line":2,"column":21},"end":{"line":2,"column":22}},"loc":{"start":{"line":2,"column":46},"end":{"line":20,"column":1}},"line":2}},"branchMap":{"0":{"loc":{"start":{"line":12,"column":21},"end":{"line":12,"column":56}},"type":"binary-expr","locations":[{"start":{"line":12,"column":21},"end":{"line":12,"column":35}},{"start":{"line":12,"column":39},"end":{"line":12,"column":49}},{"start":{"line":12,"column":53},"end":{"line":12,"column":56}}],"line":12},"1":{"loc":{"start":{"line":16,"column":11},"end":{"line":16,"column":49}},"type":"binary-expr","locations":[{"start":{"line":16,"column":11},"end":{"line":16,"column":22}},{"start":{"line":16,"column":26},"end":{"line":16,"column":49}}],"line":16},"2":{"loc":{"start":{"line":18,"column":8},"end":{"line":18,"column":70}},"type":"binary-expr","locations":[{"start":{"line":18,"column":8},"end":{"line":18,"column":46}},{"start":{"line":18,"column":50},"end":{"line":18,"column":70}}],"line":18}},"s":{"0":2,"1":0,"2":0,"3":0,"4":2},"f":{"0":0},"b":{"0":[0,0,0],"1":[0,0],"2":[0,0]},"_coverageSchema":"1a1c01bbd47fc00a2c39e90264f33305004495a9","hash":"7f1084f25489b2222381fa5b1f5bcbfafdfe1297"}
,"C:\\Users\\haide\\Desktop\\prjets\\1_task_manager\\backend\\middleware\\validation.js": {"path":"C:\\Users\\haide\\Desktop\\prjets\\1_task_manager\\backend\\middleware\\validation.js","statementMap":{},"fnMap":{},"branchMap":{},"s":{},"f":{},"b":{}}
}
