TN:
SF:config\db.js
FN:15,(anonymous_0)
FNF:1
FNH:0
FNDA:0,(anonymous_0)
DA:2,2
DA:3,2
DA:5,2
DA:14,2
DA:15,0
DA:16,0
DA:17,0
DA:19,0
DA:20,0
DA:24,2
LF:10
LH:5
BRDA:14,0,0,0
BRDA:14,0,1,2
BRDA:16,1,0,0
BRDA:16,1,1,0
BRF:4
BRH:1
end_of_record
TN:
SF:config\logger.js
FNF:0
FNH:0
LF:0
LH:0
BRF:0
BRH:0
end_of_record
TN:
SF:controllers\auth.js
FN:8,(anonymous_0)
FN:38,(anonymous_1)
FNF:2
FNH:2
FNDA:19,(anonymous_0)
FNDA:17,(anonymous_1)
DA:2,2
DA:3,2
DA:6,2
DA:8,2
DA:9,19
DA:12,19
DA:13,0
DA:16,19
DA:18,19
DA:21,19
DA:26,18
DA:28,1
DA:29,1
DA:31,0
DA:36,2
DA:38,2
DA:39,17
DA:41,17
DA:42,0
DA:45,17
DA:47,17
DA:52,17
DA:53,1
DA:57,16
DA:58,16
DA:59,0
DA:63,16
DA:70,16
DA:73,0
LF:29
LH:24
BRDA:6,0,0,2
BRDA:6,0,1,0
BRDA:12,1,0,0
BRDA:12,1,1,19
BRDA:12,2,0,19
BRDA:12,2,1,19
BRDA:28,3,0,1
BRDA:28,3,1,0
BRDA:41,4,0,0
BRDA:41,4,1,17
BRDA:41,5,0,17
BRDA:41,5,1,17
BRDA:52,6,0,1
BRDA:52,6,1,16
BRDA:58,7,0,0
BRDA:58,7,1,16
BRDA:65,8,0,16
BRDA:65,8,1,0
BRF:18
BRH:12
end_of_record
TN:
SF:controllers\tasks.js
FN:9,(anonymous_0)
FN:20,(anonymous_1)
FN:43,(anonymous_2)
FN:82,(anonymous_3)
FN:160,(anonymous_4)
FNF:5
FNH:5
FNDA:1,(anonymous_0)
FNDA:4,(anonymous_1)
FNDA:8,(anonymous_2)
FNDA:5,(anonymous_3)
FNDA:3,(anonymous_4)
DA:2,2
DA:5,2
DA:6,2
DA:9,2
DA:10,1
DA:11,1
DA:12,1
DA:14,0
DA:15,0
DA:20,2
DA:22,4
DA:24,4
DA:25,1
DA:28,3
DA:29,3
DA:31,3
DA:32,2
DA:35,1
DA:38,0
DA:39,0
DA:43,2
DA:44,8
DA:46,8
DA:47,1
DA:50,7
DA:51,7
DA:55,7
DA:57,0
DA:58,0
DA:82,2
DA:83,5
DA:84,5
DA:87,5
DA:88,1
DA:92,4
DA:93,4
DA:94,4
DA:96,4
DA:97,2
DA:98,2
DA:100,4
DA:101,1
DA:102,1
DA:106,4
DA:107,1
DA:111,3
DA:112,3
DA:114,3
DA:115,3
DA:121,3
DA:122,1
DA:125,2
DA:127,0
DA:160,2
DA:161,3
DA:164,3
DA:165,1
DA:168,2
DA:169,2
DA:175,2
DA:176,1
DA:179,1
DA:181,0
LF:63
LH:55
BRDA:5,0,0,2
BRDA:5,0,1,0
BRDA:6,1,0,2
BRDA:6,1,1,0
BRDA:24,2,0,1
BRDA:24,2,1,3
BRDA:31,3,0,2
BRDA:31,3,1,1
BRDA:46,4,0,1
BRDA:46,4,1,7
BRDA:87,5,0,1
BRDA:87,5,1,4
BRDA:96,6,0,2
BRDA:96,6,1,2
BRDA:100,7,0,1
BRDA:100,7,1,3
BRDA:106,8,0,1
BRDA:106,8,1,3
BRDA:121,9,0,1
BRDA:121,9,1,2
BRDA:164,10,0,1
BRDA:164,10,1,2
BRDA:175,11,0,1
BRDA:175,11,1,1
BRF:24
BRH:22
end_of_record
TN:
SF:middleware\auth.js
FN:3,(anonymous_0)
FNF:1
FNH:1
FNDA:22,(anonymous_0)
DA:1,2
DA:3,2
DA:5,22
DA:6,22
DA:7,1
DA:10,21
DA:12,21
DA:14,21
DA:15,21
DA:16,21
DA:18,0
LF:11
LH:10
BRDA:6,0,0,1
BRDA:6,0,1,21
BRDA:6,1,0,22
BRDA:6,1,1,21
BRDA:14,2,0,21
BRDA:14,2,1,0
BRF:6
BRH:5
end_of_record
TN:
SF:middleware\error.js
FN:2,(anonymous_0)
FNF:1
FNH:0
FNDA:0,(anonymous_0)
DA:2,2
DA:4,0
DA:12,0
DA:15,0
DA:22,2
LF:5
LH:2
BRDA:12,0,0,0
BRDA:12,0,1,0
BRDA:12,0,2,0
BRDA:16,1,0,0
BRDA:16,1,1,0
BRDA:18,2,0,0
BRDA:18,2,1,0
BRF:7
BRH:0
end_of_record
TN:
SF:middleware\validation.js
FNF:0
FNH:0
LF:0
LH:0
BRF:0
BRH:0
end_of_record
